c:\users\blow-on\opengl fun\opengl\opengl\debug\vc142.pdb
c:\users\blow-on\opengl fun\opengl\opengl\debug\vc142.idb
c:\users\blow-on\opengl fun\opengl\opengl\debug\vertexbuffer.obj
c:\users\blow-on\opengl fun\opengl\opengl\debug\renderer.obj
c:\users\blow-on\opengl fun\opengl\opengl\debug\indexbuffer.obj
c:\users\blow-on\opengl fun\opengl\opengl\debug\application.obj
c:\users\blow-on\opengl fun\opengl\debug\opengl.pdb
c:\users\blow-on\opengl fun\opengl\opengl\debug\opengl.tlog\cl.command.1.tlog
c:\users\blow-on\opengl fun\opengl\opengl\debug\opengl.tlog\cl.read.1.tlog
c:\users\blow-on\opengl fun\opengl\opengl\debug\opengl.tlog\cl.write.1.tlog
c:\users\blow-on\opengl fun\opengl\opengl\debug\opengl.tlog\link-cvtres.read.1.tlog
c:\users\blow-on\opengl fun\opengl\opengl\debug\opengl.tlog\link-cvtres.write.1.tlog
c:\users\blow-on\opengl fun\opengl\opengl\debug\opengl.tlog\link-rc.read.1.tlog
c:\users\blow-on\opengl fun\opengl\opengl\debug\opengl.tlog\link-rc.write.1.tlog
c:\users\blow-on\opengl fun\opengl\opengl\debug\opengl.tlog\link.19468-cvtres.read.1.tlog
c:\users\blow-on\opengl fun\opengl\opengl\debug\opengl.tlog\link.19468-cvtres.write.1.tlog
c:\users\blow-on\opengl fun\opengl\opengl\debug\opengl.tlog\link.19468-rc.read.1.tlog
c:\users\blow-on\opengl fun\opengl\opengl\debug\opengl.tlog\link.19468-rc.write.1.tlog
c:\users\blow-on\opengl fun\opengl\opengl\debug\opengl.tlog\link.19468.read.1.tlog
c:\users\blow-on\opengl fun\opengl\opengl\debug\opengl.tlog\link.19468.write.1.tlog
c:\users\blow-on\opengl fun\opengl\opengl\debug\opengl.tlog\link.command.1.tlog
c:\users\blow-on\opengl fun\opengl\opengl\debug\opengl.tlog\link.read.1.tlog
c:\users\blow-on\opengl fun\opengl\opengl\debug\opengl.tlog\link.write.1.tlog
